[2025-10-27--21-47-46 INFO actix_server::builder] starting 5 workers
[2025-10-27--21-47-46 INFO actix_server::server] Tokio runtime found; starting in existing Tokio runtime
[2025-10-27--21-47-46 INFO actix_server::server] starting service: "actix-web-service-127.0.0.1:18488", workers: 5, listening on: 127.0.0.1:18488
[2025-10-27--21-47-47 INFO parity_ws] Listening for new connections on 127.0.0.1:8900.
[2025-10-27--21-47-47 INFO txtx::svm::deploy_program] [Recovery Instructions] - An ephemeral authority account will be created and funded to write to the buffer account.
[2025-10-27--21-47-47 INFO txtx::svm::deploy_program] [Recovery Instructions] - Please save the following information in case the deployment fails and the account needs to be recovered:
[2025-10-27--21-47-47 INFO txtx::svm::deploy_program] [Recovery Instructions] - Ephemeral authority public key: 7VyQWK6QZTMQfMo7MUtmqc9dqGMuAh8uWcBG5MSxMr3
[2025-10-27--21-47-47 INFO txtx::svm::deploy_program] [Recovery Instructions] - Ephemeral authority secret key: [71, 109, 85, 236, 80, 153, 186, 37, 104, 96, 178, 30, 10, 243, 183, 28, 201, 236, 107, 227, 241, 84, 101, 161, 205, 53, 55, 236, 108, 131, 2, 126, 1, 170, 62, 129, 233, 154, 115, 136, 40, 50, 118, 119, 159, 41, 210, 207, 38, 188, 253, 82, 102, 61, 35, 212, 214, 1, 6, 7, 117, 191, 218, 20]
[2025-10-27--21-47-48 INFO txtx::svm::deploy_program] Account Created - Ephemeral authority account created and funded to write to buffer
[2025-10-27--21-47-48 INFO txtx::svm::deploy_program] [Recovery Instructions] - Creating program buffer account at pubkey 3TVsjJnhqF8n37hnrWoCrCDWGmnDiTyPJ9k4xMGVe1yw
[2025-10-27--21-47-49 INFO txtx::svm::deploy_program] Account Created - Program buffer account created
[2025-10-27--21-47-49 INFO txtx::svm::deploy_program] Buffer Ready - Writing to buffer account is complete
[2025-10-27--21-47-50 INFO txtx::svm::deploy_program] Program Created - Program CATvuZTNuyeBkoo5Tpeqtxcn51NDLNMExWPZ5vzQxkEg has been deployed
[2025-10-27--21-47-51 INFO txtx::svm::deploy_program] Complete - Ephemeral authority account closed and leftover funds returned to payer
[2025-10-27--21-52-55 INFO actix_server::accept] accept thread stopped
[2025-10-27--21-52-55 INFO actix_server::worker] shutting down idle worker
[2025-10-27--21-52-55 INFO actix_server::worker] shutting down idle worker
[2025-10-27--21-52-55 INFO actix_server::worker] shutting down idle worker
[2025-10-27--21-52-55 INFO actix_server::worker] shutting down idle worker
[2025-10-27--21-52-55 INFO actix_server::worker] shutting down idle worker
