[2025-10-27--21-13-09 INFO actix_server::builder] starting 5 workers
[2025-10-27--21-13-09 INFO actix_server::server] Tokio runtime found; starting in existing Tokio runtime
[2025-10-27--21-13-09 INFO actix_server::server] starting service: "actix-web-service-127.0.0.1:18488", workers: 5, listening on: 127.0.0.1:18488
[2025-10-27--21-13-09 INFO parity_ws] Listening for new connections on 127.0.0.1:8900.
[2025-10-27--21-13-19 INFO txtx::svm::deploy_program] [Recovery Instructions] - An ephemeral authority account will be created and funded to write to the buffer account.
[2025-10-27--21-13-19 INFO txtx::svm::deploy_program] [Recovery Instructions] - Please save the following information in case the deployment fails and the account needs to be recovered:
[2025-10-27--21-13-19 INFO txtx::svm::deploy_program] [Recovery Instructions] - Ephemeral authority public key: 4xNTFUZvUNYPo73hAqRuQeF4K3XQfSUSqpyQcK3VrP6y
[2025-10-27--21-13-19 INFO txtx::svm::deploy_program] [Recovery Instructions] - Ephemeral authority secret key: [246, 56, 30, 75, 223, 254, 66, 162, 136, 155, 201, 122, 22, 186, 179, 38, 133, 129, 28, 131, 53, 212, 200, 236, 50, 129, 211, 145, 22, 185, 198, 73, 58, 194, 67, 4, 111, 160, 189, 94, 95, 160, 191, 204, 98, 165, 117, 134, 130, 149, 156, 93, 26, 210, 193, 102, 24, 132, 154, 215, 182, 94, 208, 26]
[2025-10-27--21-13-19 INFO txtx::svm::deploy_program] Account Created - Ephemeral authority account created and funded to write to buffer
[2025-10-27--21-13-19 INFO txtx::svm::deploy_program] [Recovery Instructions] - Creating program buffer account at pubkey 2SgrokESDRJS3gusqPF6XksqKHnyR3wZSbBmoSr1goD6
[2025-10-27--21-13-20 INFO txtx::svm::deploy_program] Account Created - Program buffer account created
[2025-10-27--21-13-20 INFO txtx::svm::deploy_program] Buffer Ready - Writing to buffer account is complete
[2025-10-27--21-13-20 INFO txtx::svm::deploy_program] Program Created - Program CATvuZTNuyeBkoo5Tpeqtxcn51NDLNMExWPZ5vzQxkEg has been deployed
[2025-10-27--21-13-21 INFO txtx::svm::deploy_program] Complete - Ephemeral authority account closed and leftover funds returned to payer
[2025-10-27--21-47-24 INFO actix_server::accept] accept thread stopped
[2025-10-27--21-47-24 INFO actix_server::worker] shutting down idle worker
[2025-10-27--21-47-24 INFO actix_server::worker] shutting down idle worker
[2025-10-27--21-47-24 INFO actix_server::worker] shutting down idle worker
[2025-10-27--21-47-24 INFO actix_server::worker] shutting down idle worker
[2025-10-27--21-47-24 INFO actix_server::worker] shutting down idle worker
